<?xml version="1.0" encoding="UTF-8"?>
<!-- Generated by org.testng.reporters.JUnitReportReporter -->
<testsuite hostname="LAPTOP-RKNUM28G" failures="0" tests="1" name="google.HandleAmazon" time="26.460" errors="0" timestamp="2023-09-27T12:57:06 EDT" skipped="0">
  <testcase classname="google.HandleAmazon" name="getHandleAmazon" time="26.460"/>
  <system-out/>
</testsuite> <!-- google.HandleAmazon -->
